supervisor: couldn't chdir to /home/kpavlov/python-project-52: ENOENT
supervisor: child process was not spawned
supervisor: couldn't chdir to /home/kpavlov/python-project-52: ENOENT
supervisor: child process was not spawned
supervisor: couldn't chdir to /home/kpavlov/python-project-52: ENOENT
supervisor: child process was not spawned
supervisor: couldn't chdir to /home/kpavlov/python-project-52: ENOENT
supervisor: child process was not spawned
supervisor: couldn't chdir to /home/kpavlov/python-project-52: ENOENT
supervisor: child process was not spawned
supervisor: couldn't chdir to /home/kpavlov/python-project-52: ENOENT
supervisor: child process was not spawned
supervisor: couldn't chdir to /home/kpavlov/python-project-52: ENOENT
supervisor: child process was not spawned
supervisor: couldn't chdir to /home/kpavlov/python-project-52: ENOENT
supervisor: child process was not spawned
supervisor: couldn't chdir to /home/kpavlov/python-project-52: ENOENT
supervisor: child process was not spawned
supervisor: couldn't chdir to /home/kpavlov/python-project-52: ENOENT
supervisor: child process was not spawned
[2024-03-11 15:49:14 +0000] [44397] [INFO] Starting gunicorn 21.2.0
[2024-03-11 15:49:14 +0000] [44397] [INFO] Listening at: http://127.0.0.1:8000 (44397)
[2024-03-11 15:49:14 +0000] [44397] [INFO] Using worker: sync
[2024-03-11 15:49:14 +0000] [44398] [INFO] Booting worker with pid: 44398
[2024-03-11 15:49:14 +0000] [44399] [INFO] Booting worker with pid: 44399
[2024-03-11 15:49:14 +0000] [44400] [INFO] Booting worker with pid: 44400
[2024-03-11 15:49:14 +0000] [44401] [INFO] Booting worker with pid: 44401
[2024-03-11 15:49:14 +0000] [44402] [INFO] Booting worker with pid: 44402
Not Found: /favicon.ico
[2024-03-11 15:51:03 +0000] [44397] [INFO] Handling signal: term
[2024-03-11 15:51:03 +0000] [44398] [INFO] Worker exiting (pid: 44398)
[2024-03-11 15:51:03 +0000] [44401] [INFO] Worker exiting (pid: 44401)
[2024-03-11 15:51:03 +0000] [44399] [INFO] Worker exiting (pid: 44399)
[2024-03-11 15:51:03 +0000] [44400] [INFO] Worker exiting (pid: 44400)
[2024-03-11 15:51:03 +0000] [44402] [INFO] Worker exiting (pid: 44402)
[2024-03-11 15:51:03 +0000] [44397] [INFO] Shutting down: Master
[2024-03-11 15:51:03 +0000] [44431] [INFO] Starting gunicorn 21.2.0
[2024-03-11 15:51:03 +0000] [44431] [INFO] Listening at: http://127.0.0.1:8000 (44431)
[2024-03-11 15:51:03 +0000] [44431] [INFO] Using worker: sync
[2024-03-11 15:51:03 +0000] [44432] [INFO] Booting worker with pid: 44432
[2024-03-11 15:51:03 +0000] [44433] [INFO] Booting worker with pid: 44433
[2024-03-11 15:51:04 +0000] [44434] [INFO] Booting worker with pid: 44434
[2024-03-11 15:51:04 +0000] [44435] [INFO] Booting worker with pid: 44435
[2024-03-11 15:51:04 +0000] [44436] [INFO] Booting worker with pid: 44436
Not Found: /favicon.ico
Not Found: /form.html
Not Found: /upl.php
Not Found: /geoip/
Not Found: /favicon.ico
Not Found: /1.php
Not Found: /bundle.js
Not Found: /files/
Not Found: /systembc/password.php
Not Found: /password.php
Not Found: /info.php
Not Found: /favicon.ico
Not Found: /whyareugay
Not Found: /cgi/conf.bin
Not Found: /favicon.ico
Not Found: /manage/account/login
Not Found: /index.html
Not Found: /+CSCOE+/logon.html
Not Found: /cgi-bin/login.cgi
Not Found: /logon.htm
Not Found: /login.jsp
Not Found: /doc/index.html
Not Found: /favicon.ico
Not Found: /favicon.ico
Not Found: /favicon.ico
Not Found: /manage/account/login
Not Found: /index.html
Not Found: /+CSCOE+/logon.html
Not Found: /cgi-bin/login.cgi
Not Found: /logon.htm
Not Found: /login.jsp
Not Found: /doc/index.html
Not Found: /form.html
Not Found: /upl.php
Not Found: /geoip/
Not Found: /favicon.ico
Not Found: /1.php
Not Found: /bundle.js
Not Found: /files/
Not Found: /systembc/password.php
Not Found: /password.php
Not Found: /info.php
Not Found: /phpmyadmin/index.php
Not Found: /webui/
Not Found: /favicon.ico
Not Found: /geoserver/web/
Not Found: /favicon.ico
Not Found: /favicon.ico
Not Found: /favicon.ico
